<?xml version="1.0" encoding="UTF-8"?>
<testsuites name="test_collection" tests="2" time="0.383">
  <testsuite name="GET list of characters" id="0ec4c1fb-73db-4755-a45e-a5590b755097" timestamp="2023-06-13T04:31:03.984Z" tests="1" failures="1" errors="0" time="0.301">
    <testcase name="Response time is less than 100ms" time="0.301" classname="TestCollection">
      <failure type="AssertionFailure" message="expected 301 to be below 10">
        <![CDATA[Failed 1 times.]]>
        <![CDATA[Collection JSON ID: 0df50ef0-ab50-4171-a658-3fe5dd1a7f20.]]>
        <![CDATA[Collection name: test_collection.]]>
        <![CDATA[Request name: GET list of characters.]]>
        <![CDATA[Test description: Response time is less than 100ms.]]>
        <![CDATA[Error message: expected 301 to be below 10.]]>
        <![CDATA[Stacktrace: AssertionError: expected 301 to be below 10
   at Object.eval sandbox-script.js:1:1).]]>
      </failure>
    </testcase>
  </testsuite>
  <testsuite name="GET list of characters 2" id="2193ad28-7b2b-4935-90e4-5712c783cd50" timestamp="2023-06-13T04:31:03.984Z" tests="1" failures="0" errors="0" time="0.082">
    <testcase name="Response time is less than 100ms" time="0.082" classname="TestCollection"/>
  </testsuite>
</testsuites>